Release 14.7 - ngc2edif P.20131013 (nt64)
Copyright (c) 1995-2013 Xilinx, Inc.  All rights reserved.
Reading design lcd.ngc ...
WARNING:NetListWriters:298 - No output is written to lcd.xncf, ignored.
Processing design ...
   Preping design's networks ...
   Preping design's macros ...
  finished :Prep
Writing EDIF netlist file lcd.edif ...
ngc2edif: Total memory usage is 89612 kilobytes

Release 14.7 - ngc2edif P.20131013 (nt64)
Copyright (c) 1995-2013 Xilinx, Inc.  All rights reserved.
Reading design lcd.ngc ...
WARNING:NetListWriters:298 - No output is written to lcd.xncf, ignored.
Processing design ...
   Preping design's networks ...
   Preping design's macros ...
  finished :Prep
Writing EDIF netlist file lcd.edif ...
ngc2edif: Total memory usage is 88392 kilobytes

Release 14.7 - ngc2edif P.20131013 (nt64)
Copyright (c) 1995-2013 Xilinx, Inc.  All rights reserved.
Reading design lcd.ngc ...
WARNING:NetListWriters:298 - No output is written to lcd.xncf, ignored.
Processing design ...
   Preping design's networks ...
   Preping design's macros ...
  finished :Prep
Writing EDIF netlist file lcd.edif ...
ngc2edif: Total memory usage is 88392 kilobytes

Release 14.7 - ngc2edif P.20131013 (nt64)
Copyright (c) 1995-2013 Xilinx, Inc.  All rights reserved.
Reading design lcd.ngc ...
WARNING:NetListWriters:298 - No output is written to lcd.xncf, ignored.
Processing design ...
   Preping design's networks ...
   Preping design's macros ...
  finished :Prep
Writing EDIF netlist file lcd.edif ...
ngc2edif: Total memory usage is 88392 kilobytes

Release 14.7 - ngc2edif P.20131013 (nt64)
Copyright (c) 1995-2013 Xilinx, Inc.  All rights reserved.
Reading design SAM.ngc ...
WARNING:NetListWriters:298 - No output is written to SAM.xncf, ignored.
Processing design ...
   Preping design's networks ...
   Preping design's macros ...
  finished :Prep
Writing EDIF netlist file SAM.edif ...
ngc2edif: Total memory usage is 88392 kilobytes

